-------------------------------------------------------------------------------
Test set: Account page feature
-------------------------------------------------------------------------------
Tests run: 2, Failures: 1, Errors: 0, Skipped: 0, Time elapsed: 26.649 s <<< FAILURE! - in Account page feature
Accounts section count(Account page feature)  Time elapsed: 10.196 s  <<< FAILURE!
junit.framework.AssertionFailedError

