<?xml version="1.0" encoding="UTF-8"?>
<testsuite xmlns:xsi="http://www.w3.org/2001/XMLSchema-instance" xsi:noNamespaceSchemaLocation="https://maven.apache.org/surefire/maven-failsafe-plugin/xsd/failsafe-test-report-3.0.xsd" version="3.0" name="Account page feature" time="26.649" tests="2" errors="0" skipped="0" failures="1">
  <properties>
[...]
</properties>
  <testcase name="Accounts page title" classname="Account page feature" time="16.443"/>
  <testcase name="Accounts section count" classname="Account page feature" time="10.196">
    <failure type="junit.framework.AssertionFailedError">junit.framework.AssertionFailedError
</failure>
    <system-out><![CDATA[
Scenario: Accounts section count                  &amp#27;[90m# src/test/resources/AppFeatures/MyAccountPage.feature:13&amp#27;[0m
Browser name is :chrome
Login with username : govardhan.vkgn@gmail.com
passwrod : Jaya@143
  &amp#27;[32mGiven &amp#27;[0m&amp#27;[32muser has already logged in to application&amp#27;[0m &amp#27;[90m# stepDefinitions.AccountsPageSteps.user_has_already_logged_in_to_appl(io.cucumber.datatable.DataTable)&amp#27;[0m
Page title is :My account - My Store
  &amp#27;[32mGiven &amp#27;[0m&amp#27;[32muser is on accounts page&amp#27;[0m                  &amp#27;[90m# stepDefinitions.AccountsPageSteps.user_is_on_accounts_page()&amp#27;[0m
Expected Account section list [ORDER HISTORY AND DETAILS, MY CREDIT SLIPS, MY ADDRESSES, MY PERSONAL INFORMATION, MY WISHLISTS]
Actual Account section list [ORDER HISTORY AND DETAILS
MY CREDIT SLIPS
MY ADDRESSES
MY PERSONAL INFORMATION
MY WISHLISTS]
  &amp#27;[31mThen &amp#27;[0m&amp#27;[31muser gets accounts section&amp#27;[0m                 &amp#27;[90m# stepDefinitions.AccountsPageSteps.user_gets_accounts_section(io.cucumber.datatable.DataTable)&amp#27;[0m
      &amp#27;[31mjunit.framework.AssertionFailedError
	at junit.framework.Assert.fail(Assert.java:55)
	at junit.framework.Assert.assertTrue(Assert.java:22)
	at junit.framework.Assert.assertTrue(Assert.java:31)
	at stepDefinitions.AccountsPageSteps.user_gets_accounts_section(AccountsPageSteps.java:44)
	at ✽.user gets accounts section(file:///Users/kgovardhan/Desktop/Data/SeleniumWorkSpace/Selenium1/Selenium-Java/CucumberPOMSelenium/src/test/resources/AppFeatures/MyAccountPage.feature:15)
&amp#27;[0m
  &amp#27;[36mAnd &amp#27;[0m&amp#27;[36maccounts section should be &amp#27;[0m&amp#27;[36m&amp#27;[1m4&amp#27;[0m                &amp#27;[90m# stepDefinitions.AccountsPageSteps.accounts_section_should_be(java.lang.Integer)&amp#27;[0m

    Embedding Accounts_section_count [image/png 113621 bytes]

]]></system-out>
    <system-err><![CDATA[Starting ChromeDriver 90.0.4430.24 (4c6d850f087da467d926e8eddb76550aed655991-refs/branch-heads/4430@{#429}) on port 38686
Only local connections are allowed.
Please see https://chromedriver.chromium.org/security-considerations for suggestions on keeping ChromeDriver safe.
ChromeDriver was started successfully.
May 10, 2021 11:29:55 AM org.openqa.selenium.remote.ProtocolHandshake createSession
INFO: Detected dialect: W3C
]]></system-err>
  </testcase>
</testsuite>